<?xml version="1.0" encoding="UTF-8" ?>
<testsuite tests="8" failures="7" name="space_invaders.sprites.PlayerTest" time="0.004" errors="0" skipped="0">
  <properties>
[...]
</properties>
  <testcase classname="space_invaders.sprites.PlayerTest" name="space_invaders.sprites.PlayerTest.testPlayerInitialization" time="0"/>
  <testcase classname="space_invaders.sprites.PlayerTest" name="space_invaders.sprites.PlayerTest.testPlayerMoveLeftBoundary" time="0.001">
    <failure message="expected: &lt;0&gt; but was: &lt;2&gt;" type="org.opentest4j.AssertionFailedError">org.opentest4j.AssertionFailedError: expected: &lt;0&gt; but was: &lt;2&gt;
	at org.junit.jupiter.api.AssertionUtils.fail(AssertionUtils.java:55)
	at org.junit.jupiter.api.AssertionUtils.failNotEqual(AssertionUtils.java:62)
	at org.junit.jupiter.api.AssertEquals.assertEquals(AssertEquals.java:150)
	at org.junit.jupiter.api.AssertEquals.assertEquals(AssertEquals.java:145)
	at org.junit.jupiter.api.Assertions.assertEquals(Assertions.java:527)
	at space_invaders.sprites.PlayerTest.testPlayerMoveLeftBoundary(PlayerTest.java:84)
</failure>
  </testcase>
  <testcase classname="space_invaders.sprites.PlayerTest" name="space_invaders.sprites.PlayerTest.testPlayerMoveRight" time="0.001">
    <failure message="expected: &lt;272&gt; but was: &lt;2&gt;" type="org.opentest4j.AssertionFailedError">org.opentest4j.AssertionFailedError: expected: &lt;272&gt; but was: &lt;2&gt;
	at org.junit.jupiter.api.AssertionUtils.fail(AssertionUtils.java:55)
	at org.junit.jupiter.api.AssertionUtils.failNotEqual(AssertionUtils.java:62)
	at org.junit.jupiter.api.AssertEquals.assertEquals(AssertEquals.java:150)
	at org.junit.jupiter.api.AssertEquals.assertEquals(AssertEquals.java:145)
	at org.junit.jupiter.api.Assertions.assertEquals(Assertions.java:527)
	at space_invaders.sprites.PlayerTest.testPlayerMoveRight(PlayerTest.java:47)
</failure>
  </testcase>
  <testcase classname="space_invaders.sprites.PlayerTest" name="space_invaders.sprites.PlayerTest.testPlayerStopMoveLeft" time="0">
    <failure message="expected: &lt;268&gt; but was: &lt;2&gt;" type="org.opentest4j.AssertionFailedError">org.opentest4j.AssertionFailedError: expected: &lt;268&gt; but was: &lt;2&gt;
	at org.junit.jupiter.api.AssertionUtils.fail(AssertionUtils.java:55)
	at org.junit.jupiter.api.AssertionUtils.failNotEqual(AssertionUtils.java:62)
	at org.junit.jupiter.api.AssertEquals.assertEquals(AssertEquals.java:150)
	at org.junit.jupiter.api.AssertEquals.assertEquals(AssertEquals.java:145)
	at org.junit.jupiter.api.Assertions.assertEquals(Assertions.java:527)
	at space_invaders.sprites.PlayerTest.testPlayerStopMoveLeft(PlayerTest.java:60)
</failure>
  </testcase>
  <testcase classname="space_invaders.sprites.PlayerTest" name="space_invaders.sprites.PlayerTest.testPlayerStopMoveRight" time="0.001">
    <failure message="expected: &lt;272&gt; but was: &lt;2&gt;" type="org.opentest4j.AssertionFailedError">org.opentest4j.AssertionFailedError: expected: &lt;272&gt; but was: &lt;2&gt;
	at org.junit.jupiter.api.AssertionUtils.fail(AssertionUtils.java:55)
	at org.junit.jupiter.api.AssertionUtils.failNotEqual(AssertionUtils.java:62)
	at org.junit.jupiter.api.AssertEquals.assertEquals(AssertEquals.java:150)
	at org.junit.jupiter.api.AssertEquals.assertEquals(AssertEquals.java:145)
	at org.junit.jupiter.api.Assertions.assertEquals(Assertions.java:527)
	at space_invaders.sprites.PlayerTest.testPlayerStopMoveRight(PlayerTest.java:73)
</failure>
  </testcase>
  <testcase classname="space_invaders.sprites.PlayerTest" name="space_invaders.sprites.PlayerTest.testPlayerInitializationInvalid" time="0">
    <failure message="expected: &lt;0&gt; but was: &lt;-100&gt;" type="org.opentest4j.AssertionFailedError">org.opentest4j.AssertionFailedError: expected: &lt;0&gt; but was: &lt;-100&gt;
	at org.junit.jupiter.api.AssertionUtils.fail(AssertionUtils.java:55)
	at org.junit.jupiter.api.AssertionUtils.failNotEqual(AssertionUtils.java:62)
	at org.junit.jupiter.api.AssertEquals.assertEquals(AssertEquals.java:150)
	at org.junit.jupiter.api.AssertEquals.assertEquals(AssertEquals.java:145)
	at org.junit.jupiter.api.Assertions.assertEquals(Assertions.java:527)
	at space_invaders.sprites.PlayerTest.testPlayerInitializationInvalid(PlayerTest.java:26)
</failure>
  </testcase>
  <testcase classname="space_invaders.sprites.PlayerTest" name="space_invaders.sprites.PlayerTest.testPlayerMoveRightBoundary" time="0.001">
    <failure message="expected: &lt;343&gt; but was: &lt;2&gt;" type="org.opentest4j.AssertionFailedError">org.opentest4j.AssertionFailedError: expected: &lt;343&gt; but was: &lt;2&gt;
	at org.junit.jupiter.api.AssertionUtils.fail(AssertionUtils.java:55)
	at org.junit.jupiter.api.AssertionUtils.failNotEqual(AssertionUtils.java:62)
	at org.junit.jupiter.api.AssertEquals.assertEquals(AssertEquals.java:150)
	at org.junit.jupiter.api.AssertEquals.assertEquals(AssertEquals.java:145)
	at org.junit.jupiter.api.Assertions.assertEquals(Assertions.java:527)
	at space_invaders.sprites.PlayerTest.testPlayerMoveRightBoundary(PlayerTest.java:95)
</failure>
  </testcase>
  <testcase classname="space_invaders.sprites.PlayerTest" name="space_invaders.sprites.PlayerTest.testPlayerMoveLeft" time="0">
    <failure message="expected: &lt;268&gt; but was: &lt;2&gt;" type="org.opentest4j.AssertionFailedError">org.opentest4j.AssertionFailedError: expected: &lt;268&gt; but was: &lt;2&gt;
	at org.junit.jupiter.api.AssertionUtils.fail(AssertionUtils.java:55)
	at org.junit.jupiter.api.AssertionUtils.failNotEqual(AssertionUtils.java:62)
	at org.junit.jupiter.api.AssertEquals.assertEquals(AssertEquals.java:150)
	at org.junit.jupiter.api.AssertEquals.assertEquals(AssertEquals.java:145)
	at org.junit.jupiter.api.Assertions.assertEquals(Assertions.java:527)
	at space_invaders.sprites.PlayerTest.testPlayerMoveLeft(PlayerTest.java:37)
</failure>
  </testcase>
</testsuite>