<?xml version="1.0" encoding="UTF-8" ?>
<testsuite tests="3" failures="0" name="space_invaders.sprites.ShotTest" time="0" errors="0" skipped="0">
  <properties>
[...]
</properties>
  <testcase classname="space_invaders.sprites.ShotTest" name="space_invaders.sprites.ShotTest.testShotInitialization" time="0"/>
  <testcase classname="space_invaders.sprites.ShotTest" name="space_invaders.sprites.ShotTest.testShotInitializationWithExceedingCoordinates" time="0"/>
  <testcase classname="space_invaders.sprites.ShotTest" name="space_invaders.sprites.ShotTest.testShotInitializationWithNegativeCoordinates" time="0"/>
</testsuite>